[debug] [2018-08-10T17:52:20.030Z] ----------------------------------------------------------------------
[debug] [2018-08-10T17:52:20.034Z] Command:       /Users/admin/.nvm/versions/node/v8.9.4/bin/node /Users/admin/.nvm/versions/node/v8.9.4/bin/firebase deploy
[debug] [2018-08-10T17:52:20.034Z] CLI Version:   4.0.2
[debug] [2018-08-10T17:52:20.034Z] Platform:      darwin
[debug] [2018-08-10T17:52:20.034Z] Node Version:  v8.9.4
[debug] [2018-08-10T17:52:20.035Z] Time:          Fri Aug 10 2018 12:52:20 GMT-0500 (CDT)
[debug] [2018-08-10T17:52:20.035Z] ----------------------------------------------------------------------
[debug] 
[debug] [2018-08-10T17:52:20.049Z] > command requires scopes: ["email","openid","https://www.googleapis.com/auth/cloudplatformprojects.readonly","https://www.googleapis.com/auth/firebase","https://www.googleapis.com/auth/cloud-platform"]
[debug] [2018-08-10T17:52:20.049Z] > authorizing via signed-in user
[debug] [2018-08-10T17:52:20.051Z] > refreshing access token with scopes: ["email","https://www.googleapis.com/auth/cloud-platform","https://www.googleapis.com/auth/cloudplatformprojects.readonly","https://www.googleapis.com/auth/firebase","openid"]
[debug] [2018-08-10T17:52:20.052Z] >>> HTTP REQUEST POST https://www.googleapis.com/oauth2/v3/token  
 { refresh_token: '1/27Z8UpAbQyllmoLm5nNLfpJeyBODnekRAvH-CAN5ZbQ',
  client_id: '563584335869-fgrhgmd47bqnekij5i8b5pr03ho849e6.apps.googleusercontent.com',
  client_secret: 'j9iVZfS8kkCEFUPaAeJV0sAi',
  grant_type: 'refresh_token',
  scope: 'email https://www.googleapis.com/auth/cloud-platform https://www.googleapis.com/auth/cloudplatformprojects.readonly https://www.googleapis.com/auth/firebase openid' } 
 Fri Aug 10 2018 12:52:20 GMT-0500 (CDT)
[debug] [2018-08-10T17:52:20.350Z] <<< HTTP RESPONSE 200
[debug] [2018-08-10T17:52:20.398Z] >>> HTTP REQUEST GET https://admin.firebase.com/v1/projects/words-game-challenge  
  
 Fri Aug 10 2018 12:52:20 GMT-0500 (CDT)
[debug] [2018-08-10T17:52:20.922Z] <<< HTTP RESPONSE 200
[debug] [2018-08-10T17:52:20.923Z] >>> HTTP REQUEST GET https://admin.firebase.com/v1/database/words-game-challenge/tokens  
  
 Fri Aug 10 2018 12:52:20 GMT-0500 (CDT)
[debug] [2018-08-10T17:52:21.593Z] <<< HTTP RESPONSE 200
[info] 
[info] === Deploying to 'words-game-challenge'...
[info] 
[info] i  deploying hosting
[info] i  hosting: preparing build directory for upload...
[debug] [2018-08-10T17:52:23.180Z] >>> HTTP REQUEST PUT https://deploy.firebase.com/v1/hosting/words-game-challenge/uploads/-LJZxwHLGb4R2Esbdn8x?fileCount=13&message=  
  
 Fri Aug 10 2018 12:52:23 GMT-0500 (CDT)
[debug] [2018-08-10T17:52:59.395Z] ----------------------------------------------------------------------
[debug] [2018-08-10T17:52:59.398Z] Command:       /Users/admin/.nvm/versions/node/v8.9.4/bin/node /Users/admin/.nvm/versions/node/v8.9.4/bin/firebase deploy
[debug] [2018-08-10T17:52:59.398Z] CLI Version:   4.0.2
[debug] [2018-08-10T17:52:59.398Z] Platform:      darwin
[debug] [2018-08-10T17:52:59.398Z] Node Version:  v8.9.4
[debug] [2018-08-10T17:52:59.398Z] Time:          Fri Aug 10 2018 12:52:59 GMT-0500 (CDT)
[debug] [2018-08-10T17:52:59.399Z] ----------------------------------------------------------------------
[debug] 
[debug] [2018-08-10T17:52:59.412Z] > command requires scopes: ["email","openid","https://www.googleapis.com/auth/cloudplatformprojects.readonly","https://www.googleapis.com/auth/firebase","https://www.googleapis.com/auth/cloud-platform"]
[debug] [2018-08-10T17:52:59.413Z] > authorizing via signed-in user
[debug] [2018-08-10T17:52:59.417Z] >>> HTTP REQUEST GET https://admin.firebase.com/v1/projects/words-game-challenge  
  
 Fri Aug 10 2018 12:52:59 GMT-0500 (CDT)
[debug] [2018-08-10T17:52:59.824Z] <<< HTTP RESPONSE 200
[debug] [2018-08-10T17:52:59.825Z] >>> HTTP REQUEST GET https://admin.firebase.com/v1/database/words-game-challenge/tokens  
  
 Fri Aug 10 2018 12:52:59 GMT-0500 (CDT)
[debug] [2018-08-10T17:53:00.527Z] <<< HTTP RESPONSE 200
[info] 
[info] === Deploying to 'words-game-challenge'...
[info] 
[info] i  deploying hosting
[info] i  hosting: preparing build directory for upload...
[debug] [2018-08-10T17:53:01.866Z] >>> HTTP REQUEST PUT https://deploy.firebase.com/v1/hosting/words-game-challenge/uploads/-LJZy4mK-HynIPfemqdX?fileCount=13&message=  
  
 Fri Aug 10 2018 12:53:01 GMT-0500 (CDT)
